<?xml version="1.0" encoding="UTF-8"?>
<testsuite name="board.boardProject.repository.MemberRepositoryTest" tests="1" skipped="0" failures="1" errors="0" timestamp="2024-10-31T08:48:23" hostname="DESKTOP-EA8D0VP" time="0.503">
  <properties/>
  <testcase name="register()" classname="board.boardProject.repository.MemberRepositoryTest" time="0.503">
    <failure message="jakarta.persistence.EntityNotFoundException: Unable to find board.boardProject.domain.Member with id 2" type="jakarta.persistence.EntityNotFoundException">jakarta.persistence.EntityNotFoundException: Unable to find board.boardProject.domain.Member with id 2
	at app//org.hibernate.jpa.boot.internal.EntityManagerFactoryBuilderImpl$JpaEntityNotFoundDelegate.handleEntityNotFound(EntityManagerFactoryBuilderImpl.java:190)
	at app//org.hibernate.proxy.AbstractLazyInitializer.checkTargetState(AbstractLazyInitializer.java:290)
	at app//org.hibernate.proxy.AbstractLazyInitializer.initialize(AbstractLazyInitializer.java:176)
	at app//org.hibernate.proxy.AbstractLazyInitializer.getImplementation(AbstractLazyInitializer.java:314)
	at app//org.hibernate.proxy.pojo.bytebuddy.ByteBuddyInterceptor.intercept(ByteBuddyInterceptor.java:44)
	at app//org.hibernate.proxy.ProxyConfiguration$InterceptorDispatcher.intercept(ProxyConfiguration.java:102)
	at app//board.boardProject.domain.Member$HibernateProxy$FK37YseJ.toString(Unknown Source)
	at app//org.assertj.core.presentation.StandardRepresentation.fallbackToStringOf(StandardRepresentation.java:348)
	at app//org.assertj.core.presentation.StandardRepresentation.toStringOf(StandardRepresentation.java:259)
	at app//org.assertj.core.presentation.CompositeRepresentation.toStringOf(CompositeRepresentation.java:40)
	at app//org.assertj.core.error.ShouldBeEqual.actualAndExpectedHaveSameStringRepresentation(ShouldBeEqual.java:138)
	at app//org.assertj.core.error.ShouldBeEqual.smartErrorMessage(ShouldBeEqual.java:152)
	at app//org.assertj.core.error.ShouldBeEqual.newAssertionError(ShouldBeEqual.java:117)
	at app//org.assertj.core.internal.Failures.failure(Failures.java:105)
	at app//org.assertj.core.internal.Objects.assertEqual(Objects.java:220)
	at app//org.assertj.core.api.AbstractAssert.isEqualTo(AbstractAssert.java:369)
	at app//board.boardProject.repository.MemberRepositoryTest.register(MemberRepositoryTest.java:41)
	at java.base@17.0.13/java.lang.reflect.Method.invoke(Method.java:569)
	at java.base@17.0.13/java.util.ArrayList.forEach(ArrayList.java:1511)
	at java.base@17.0.13/java.util.ArrayList.forEach(ArrayList.java:1511)
</failure>
  </testcase>
  <system-out><![CDATA[17:48:20.992 [Test worker] INFO org.springframework.test.context.support.AnnotationConfigContextLoaderUtils -- Could not detect default configuration classes for test class [board.boardProject.repository.MemberRepositoryTest]: MemberRepositoryTest does not declare any static, non-private, non-final, nested classes annotated with @Configuration.
17:48:21.064 [Test worker] INFO org.springframework.boot.test.context.SpringBootTestContextBootstrapper -- Found @SpringBootConfiguration board.boardProject.BoardProjectApplication for test class board.boardProject.repository.MemberRepositoryTest

  .   ____          _            __ _ _
 /\\ / ___'_ __ _ _(_)_ __  __ _ \ \ \ \
( ( )\___ | '_ | '_| | '_ \/ _` | \ \ \ \
 \\/  ___)| |_)| | | | | || (_| |  ) ) ) )
  '  |____| .__|_| |_|_| |_\__, | / / / /
 =========|_|==============|___/=/_/_/_/

 :: Spring Boot ::                (v3.3.5)

2024-10-31T17:48:21.290+09:00  INFO 1304 --- [boardProject] [    Test worker] b.b.repository.MemberRepositoryTest      : Starting MemberRepositoryTest using Java 17.0.13 with PID 1304 (started by user1 in C:\Users\user1\Desktop\BoardProject\boardProject)
2024-10-31T17:48:21.291+09:00  INFO 1304 --- [boardProject] [    Test worker] b.b.repository.MemberRepositoryTest      : No active profile set, falling back to 1 default profile: "default"
2024-10-31T17:48:21.709+09:00  INFO 1304 --- [boardProject] [    Test worker] .s.d.r.c.RepositoryConfigurationDelegate : Bootstrapping Spring Data JPA repositories in DEFAULT mode.
2024-10-31T17:48:21.737+09:00  INFO 1304 --- [boardProject] [    Test worker] .s.d.r.c.RepositoryConfigurationDelegate : Finished Spring Data repository scanning in 23 ms. Found 1 JPA repository interface.
2024-10-31T17:48:21.808+09:00  WARN 1304 --- [boardProject] [    Test worker] o.m.s.mapper.ClassPathMapperScanner      : No MyBatis mapper was found in '[board.boardProject]' package. Please check your configuration.
2024-10-31T17:48:22.047+09:00  INFO 1304 --- [boardProject] [    Test worker] o.hibernate.jpa.internal.util.LogHelper  : HHH000204: Processing PersistenceUnitInfo [name: default]
2024-10-31T17:48:22.085+09:00  INFO 1304 --- [boardProject] [    Test worker] org.hibernate.Version                    : HHH000412: Hibernate ORM core version 6.5.3.Final
2024-10-31T17:48:22.108+09:00  INFO 1304 --- [boardProject] [    Test worker] o.h.c.internal.RegionFactoryInitiator    : HHH000026: Second-level cache disabled
2024-10-31T17:48:22.325+09:00  INFO 1304 --- [boardProject] [    Test worker] o.s.o.j.p.SpringPersistenceUnitInfo      : No LoadTimeWeaver setup: ignoring JPA class transformer
2024-10-31T17:48:22.350+09:00  INFO 1304 --- [boardProject] [    Test worker] com.zaxxer.hikari.HikariDataSource       : HikariPool-1 - Starting...
2024-10-31T17:48:22.529+09:00  INFO 1304 --- [boardProject] [    Test worker] com.zaxxer.hikari.pool.HikariPool        : HikariPool-1 - Added connection com.mysql.cj.jdbc.ConnectionImpl@62794582
2024-10-31T17:48:22.530+09:00  INFO 1304 --- [boardProject] [    Test worker] com.zaxxer.hikari.HikariDataSource       : HikariPool-1 - Start completed.
2024-10-31T17:48:23.086+09:00  INFO 1304 --- [boardProject] [    Test worker] o.h.e.t.j.p.i.JtaPlatformInitiator       : HHH000489: No JTA platform available (set 'hibernate.transaction.jta.platform' to enable JTA platform integration)
Hibernate: 
    drop table if exists Member
Hibernate: 
    create table Member (
        id integer not null auto_increment,
        email varchar(255),
        nickname varchar(255),
        password varchar(255),
        username varchar(255),
        role enum ('ROLE_ADMIN','ROLE_USER'),
        primary key (id)
    ) engine=InnoDB
2024-10-31T17:48:23.126+09:00  INFO 1304 --- [boardProject] [    Test worker] j.LocalContainerEntityManagerFactoryBean : Initialized JPA EntityManagerFactory for persistence unit 'default'
2024-10-31T17:48:23.161+09:00  WARN 1304 --- [boardProject] [    Test worker] JpaBaseConfiguration$JpaWebConfiguration : spring.jpa.open-in-view is enabled by default. Therefore, database queries may be performed during view rendering. Explicitly configure spring.jpa.open-in-view to disable this warning
2024-10-31T17:48:23.179+09:00  WARN 1304 --- [boardProject] [    Test worker] .s.s.UserDetailsServiceAutoConfiguration : 

Using generated security password: 8123b1fc-9483-4578-a28b-b7b8ef0c7daf

This generated password is for development use only. Your security configuration must be updated before running your application in production.

2024-10-31T17:48:23.186+09:00  INFO 1304 --- [boardProject] [    Test worker] r$InitializeUserDetailsManagerConfigurer : Global AuthenticationManager configured with UserDetailsService bean with name inMemoryUserDetailsManager
2024-10-31T17:48:23.840+09:00  INFO 1304 --- [boardProject] [    Test worker] b.b.repository.MemberRepositoryTest      : Started MemberRepositoryTest in 2.681 seconds (process running for 3.394)
Hibernate: 
    insert 
    into
        Member
        (email, nickname, password, role, username) 
    values
        (?, ?, ?, ?, ?)
Hibernate: 
    select
        m1_0.id,
        m1_0.email,
        m1_0.nickname,
        m1_0.password,
        m1_0.role,
        m1_0.username 
    from
        Member m1_0 
    where
        m1_0.id=?
]]></system-out>
  <system-err><![CDATA[]]></system-err>
</testsuite>
